#-----------------------------------------------------------
# Vivado v2022.2 (64-bit)
# SW Build 3671981 on Fri Oct 14 05:00:03 MDT 2022
# IP Build 3669848 on Fri Oct 14 08:30:02 MDT 2022
# Start of session at: Mon Apr 29 14:55:21 2024
# Process ID: 7728
# Current directory: C:/Users/Tugdual LE PELLETER/Documents/Recherche/Repositories/gen_heartbeat/projects/gen_heartbeat_wrapper_zedboard
# Command line: vivado.exe -mode tcl -source ./run_gen_heartbeat_wrapper_zedboard.tcl
# Log file: C:/Users/Tugdual LE PELLETER/Documents/Recherche/Repositories/gen_heartbeat/projects/gen_heartbeat_wrapper_zedboard/vivado.log
# Journal file: C:/Users/Tugdual LE PELLETER/Documents/Recherche/Repositories/gen_heartbeat/projects/gen_heartbeat_wrapper_zedboard\vivado.jou
# Running On: WORKSTATION, OS: Windows, CPU Frequency: 2611 MHz, CPU Physical cores: 10, Host memory: 16794 MB
#-----------------------------------------------------------
source ./run_gen_heartbeat_wrapper_zedboard.tcl
# set name_board     zedboard
# set name_dut       gen_heartbeat
# set name_project   ${name_dut}_wrapper_${name_board}
# set name_part      xc7z020clg484-3
# set name_language  vhdl
# set name_top_level     ${name_dut}_wrapper_${name_board}
# set name_bench     bch_${name_dut}_wrapper_${name_board}
# set dir_bitstream ./bitstream
# set dir_reports   ./reports
# file mkdir ${dir_bitstream}
# file mkdir ${dir_reports}
# create_project -force -name ${name_project}
INFO: [ProjectBase 1-489] The host OS only allows 260 characters in a normal path. The project is stored in a path with more than 80 characters. If you experience issues with IP, Block Designs, or files not being found, please consider moving the project to a location with a shorter path. Alternately consider using the OS subst command to map part of the path to a drive letter.
Current project path is 'C:/Users/Tugdual LE PELLETER/Documents/Recherche/Repositories/gen_heartbeat/projects/gen_heartbeat_wrapper_zedboard'
